<?xml version="1.0" encoding="UTF-8"?>
<!-- Generated by org.testng.reporters.JUnitXMLReporter -->
<testsuite ignored="0" hostname="EC2AMAZ-8KL45D2" failures="0" tests="7" name="test-1" time="6.314" errors="0" timestamp="2024-10-07T07:17:11 UTC">
  <testcase classname="com.spree.test.Countries" name="T01_getDefaultCountries" time="2.464"/>
  <testcase classname="com.spree.test.Countries" name="T02_retrieveaCountry" time="0.314"/>
  <testcase classname="com.spree.test.Countries" name="T02_retrieveaCountry" time="0.37"/>
  <testcase classname="com.spree.test.Countries" name="T02_retrieveaCountry" time="0.202"/>
  <testcase classname="com.spree.test.Countries" name="T02_retrieveaCountry" time="0.208"/>
  <testcase classname="com.spree.test.Countries" name="T02_retrieveaCountry" time="0.197"/>
  <testcase classname="com.spree.test.Countries" name="T03_listallCountries" time="1.389"/>
</testsuite> <!-- test-1 -->
