<?xml version="1.0" encoding="UTF-8"?>
<!-- Generated by org.testng.reporters.JUnitReportReporter -->
<testsuite hostname="EC2AMAZ-8KL45D2" failures="0" tests="7" name="com.spree.test.Countries" time="5.165" errors="0" timestamp="2024-10-07T07:17:11 UTC" skipped="0">
  <testcase classname="com.spree.test.Countries" name="T01_getDefaultCountries" time="2.466"/>
  <system-out/>
  <testcase classname="com.spree.test.Countries" name="T02_retrieveaCountry" time="0.209"/>
  <system-out/>
  <testcase classname="com.spree.test.Countries" name="T02_retrieveaCountry" time="0.203"/>
  <system-out/>
  <testcase classname="com.spree.test.Countries" name="T02_retrieveaCountry" time="0.371"/>
  <system-out/>
  <testcase classname="com.spree.test.Countries" name="T02_retrieveaCountry" time="0.316"/>
  <system-out/>
  <testcase classname="com.spree.test.Countries" name="T02_retrieveaCountry" time="0.210"/>
  <system-out/>
  <testcase classname="com.spree.test.Countries" name="T03_listallCountries" time="1.390"/>
  <system-out/>
</testsuite> <!-- com.spree.test.Countries -->
